<?xml version="1.0" encoding="UTF-8"?>
<!-- Generated by org.testng.reporters.JUnitReportReporter -->
<testsuite hostname="LAPTOP-FLKVDCIA" failures="0" tests="1" name="com.parameters.ParameterTest" time="6.992" errors="0" timestamp="2021-09-26T17:35:33 EDT" skipped="0">
  <testcase classname="com.parameters.ParameterTest" name="yahooLoginTest" time="6.992"/>
  <system-out/>
</testsuite> <!-- com.parameters.ParameterTest -->
