<?xml version="1.0" encoding="UTF-8"?>
<!-- Generated by org.testng.reporters.JUnitReportReporter -->
<testsuite hostname="LAPTOP-FLKVDCIA" failures="0" tests="6" name="com.test.GoogleTest" time="17.976" errors="0" timestamp="2021-09-26T14:52:41 EDT" skipped="0">
  <testcase classname="com.test.GoogleTest" name="googleLogoTest" time="3.981"/>
  <system-out/>
  <testcase classname="com.test.GoogleTest" name="googleTitleTest" time="3.009"/>
  <system-out/>
  <testcase classname="com.test.GoogleTest" name="mailLinkTest" time="2.735"/>
  <system-out/>
  <testcase classname="com.test.GoogleTest" name="test2" time="2.786"/>
  <system-out/>
  <testcase classname="com.test.GoogleTest" name="test1" time="2.698"/>
  <system-out/>
  <testcase classname="com.test.GoogleTest" name="test3" time="2.767"/>
  <system-out/>
</testsuite> <!-- com.test.GoogleTest -->
