<?xml version="1.0" encoding="UTF-8"?>
<!-- Generated by org.testng.reporters.JUnitReportReporter -->
<testsuite hostname="LAPTOP-FLKVDCIA" failures="0" tests="3" name="com.test.TestNgBasics" time="0.014" errors="0" timestamp="2021-09-26T14:01:01 EDT" skipped="0">
  <testcase classname="com.test.TestNgBasics" name="googleTitleTest" time="0.002"/>
  <system-out/>
  <testcase classname="com.test.TestNgBasics" name="searchTest" time="0.004"/>
  <system-out/>
  <testcase classname="com.test.TestNgBasics" name="googleFeatureTest" time="0.008"/>
  <system-out/>
</testsuite> <!-- com.test.TestNgBasics -->
